[01Dec2024 00:08:27.559] [Server thread/INFO] [net.minecraft.server.MinecraftServer/]: [Dev: Changed the block at 872, 67, 515]
[01Dec2024 00:08:27.570] [Render thread/INFO] [net.minecraft.client.gui.components.ChatComponent/]: [System] [CHAT] Changed the block at 872, 67, 515
[01Dec2024 00:09:33.357] [Server thread/INFO] [net.minecraft.client.server.IntegratedServer/]: Saving and pausing game...
[01Dec2024 00:09:33.372] [Server thread/INFO] [net.minecraft.server.MinecraftServer/]: Saving chunks for level 'ServerLevel[New World]'/minecraft:overworld
[01Dec2024 00:09:33.394] [Server thread/INFO] [net.minecraft.server.MinecraftServer/]: Saving chunks for level 'ServerLevel[New World]'/minecraft:the_nether
[01Dec2024 00:09:33.396] [Server thread/INFO] [net.minecraft.server.MinecraftServer/]: Saving chunks for level 'ServerLevel[New World]'/minecraft:the_end
[01Dec2024 00:09:34.806] [Server thread/INFO] [net.minecraft.client.server.IntegratedServer/]: Saving and pausing game...
[01Dec2024 00:09:34.815] [Server thread/INFO] [net.minecraft.server.MinecraftServer/]: Saving chunks for level 'ServerLevel[New World]'/minecraft:overworld
[01Dec2024 00:09:34.827] [Server thread/INFO] [net.minecraft.server.MinecraftServer/]: Saving chunks for level 'ServerLevel[New World]'/minecraft:the_nether
[01Dec2024 00:09:34.829] [Server thread/INFO] [net.minecraft.server.MinecraftServer/]: Saving chunks for level 'ServerLevel[New World]'/minecraft:the_end
[01Dec2024 00:10:53.619] [Server thread/INFO] [net.minecraft.client.server.IntegratedServer/]: Saving and pausing game...
[01Dec2024 00:10:53.629] [Server thread/INFO] [net.minecraft.server.MinecraftServer/]: Saving chunks for level 'ServerLevel[New World]'/minecraft:overworld
[01Dec2024 00:10:53.641] [Server thread/INFO] [net.minecraft.server.MinecraftServer/]: Saving chunks for level 'ServerLevel[New World]'/minecraft:the_nether
[01Dec2024 00:10:53.643] [Server thread/INFO] [net.minecraft.server.MinecraftServer/]: Saving chunks for level 'ServerLevel[New World]'/minecraft:the_end
[01Dec2024 00:10:54.844] [Render thread/INFO] [net.minecraft.client.Minecraft/]: Stopping!
[01Dec2024 00:10:54.910] [Server thread/INFO] [net.minecraft.server.network.ServerGamePacketListenerImpl/]: Dev lost connection: Disconnected
[01Dec2024 00:10:54.910] [Server thread/INFO] [net.minecraft.server.MinecraftServer/]: Dev left the game
[01Dec2024 00:10:54.919] [Server thread/INFO] [net.minecraft.server.network.ServerGamePacketListenerImpl/]: Stopping singleplayer server as player logged out
[01Dec2024 00:10:54.938] [Server thread/INFO] [net.minecraft.server.MinecraftServer/]: Stopping server
[01Dec2024 00:10:54.939] [Server thread/INFO] [net.minecraft.server.MinecraftServer/]: Saving players
[01Dec2024 00:10:54.939] [Server thread/INFO] [net.minecraft.server.MinecraftServer/]: Saving worlds
[01Dec2024 00:10:55.934] [Server thread/INFO] [net.minecraft.server.MinecraftServer/]: Saving chunks for level 'ServerLevel[New World]'/minecraft:overworld
[01Dec2024 00:10:56.597] [Server thread/INFO] [net.minecraft.server.MinecraftServer/]: Saving chunks for level 'ServerLevel[New World]'/minecraft:the_nether
[01Dec2024 00:10:56.598] [Server thread/INFO] [net.minecraft.server.MinecraftServer/]: Saving chunks for level 'ServerLevel[New World]'/minecraft:the_end
[01Dec2024 00:10:56.619] [Server thread/INFO] [net.minecraft.server.MinecraftServer/]: ThreadedAnvilChunkStorage (New World): All chunks are saved
[01Dec2024 00:10:56.619] [Server thread/INFO] [net.minecraft.server.MinecraftServer/]: ThreadedAnvilChunkStorage (DIM-1): All chunks are saved
[01Dec2024 00:10:56.619] [Server thread/INFO] [net.minecraft.server.MinecraftServer/]: ThreadedAnvilChunkStorage (DIM1): All chunks are saved
[01Dec2024 00:10:56.619] [Server thread/INFO] [net.minecraft.server.MinecraftServer/]: ThreadedAnvilChunkStorage: All dimensions are saved
